  Game.cpp
  GameOverScene.cpp
  GameScene.cpp
  Grid.cpp
C:\Users\Kirlian Silvestre\source\repos\minesweeper\Minesweeper\Minesweeper\Grid.cpp(85,20): warning C4018: '<': incompatibilidade de signed/unsigned
  GridBlock.cpp
C:\Users\Kirlian Silvestre\source\repos\minesweeper\Minesweeper\Minesweeper\Grid.cpp(87,21): warning C4018: '<': incompatibilidade de signed/unsigned
C:\Users\Kirlian Silvestre\source\repos\minesweeper\Minesweeper\Minesweeper\GridBlock.cpp(7,48): warning C4244: '=': conversão de 'T' para 'T', possível perda de dados
C:\Users\Kirlian Silvestre\source\repos\minesweeper\Minesweeper\Minesweeper\GridBlock.cpp(7,48): warning C4244:         with
C:\Users\Kirlian Silvestre\source\repos\minesweeper\Minesweeper\Minesweeper\GridBlock.cpp(7,48): warning C4244:         [
C:\Users\Kirlian Silvestre\source\repos\minesweeper\Minesweeper\Minesweeper\GridBlock.cpp(7,48): warning C4244:             T=int
C:\Users\Kirlian Silvestre\source\repos\minesweeper\Minesweeper\Minesweeper\GridBlock.cpp(7,48): warning C4244:         ]
C:\Users\Kirlian Silvestre\source\repos\minesweeper\Minesweeper\Minesweeper\GridBlock.cpp(7,48): warning C4244:         and
C:\Users\Kirlian Silvestre\source\repos\minesweeper\Minesweeper\Minesweeper\GridBlock.cpp(7,48): warning C4244:         [
C:\Users\Kirlian Silvestre\source\repos\minesweeper\Minesweeper\Minesweeper\GridBlock.cpp(7,48): warning C4244:             T=float
C:\Users\Kirlian Silvestre\source\repos\minesweeper\Minesweeper\Minesweeper\GridBlock.cpp(7,48): warning C4244:         ]
  Gerando Código...
C:\Users\Kirlian Silvestre\source\repos\minesweeper\Minesweeper\Minesweeper\GridBlock.cpp(8,48): warning C4244: '=': conversão de 'T' para 'T', possível perda de dados
C:\Users\Kirlian Silvestre\source\repos\minesweeper\Minesweeper\Minesweeper\GridBlock.cpp(8,48): warning C4244:         with
C:\Users\Kirlian Silvestre\source\repos\minesweeper\Minesweeper\Minesweeper\GridBlock.cpp(8,48): warning C4244:         [
C:\Users\Kirlian Silvestre\source\repos\minesweeper\Minesweeper\Minesweeper\GridBlock.cpp(8,48): warning C4244:             T=int
C:\Users\Kirlian Silvestre\source\repos\minesweeper\Minesweeper\Minesweeper\GridBlock.cpp(8,48): warning C4244:         ]
C:\Users\Kirlian Silvestre\source\repos\minesweeper\Minesweeper\Minesweeper\GridBlock.cpp(8,48): warning C4244:         and
C:\Users\Kirlian Silvestre\source\repos\minesweeper\Minesweeper\Minesweeper\GridBlock.cpp(8,48): warning C4244:         [
C:\Users\Kirlian Silvestre\source\repos\minesweeper\Minesweeper\Minesweeper\GridBlock.cpp(8,48): warning C4244:             T=float
C:\Users\Kirlian Silvestre\source\repos\minesweeper\Minesweeper\Minesweeper\GridBlock.cpp(8,48): warning C4244:         ]
  Minesweeper.vcxproj -> C:\Users\Kirlian Silvestre\source\repos\minesweeper\Minesweeper\Debug\Minesweeper.exe
